# JRE version: OpenJDK Runtime Environment Corretto-11.0.10.9.1 (11.0.10+9) (build 11.0.10+9-LTS)
# Java VM: OpenJDK 64-Bit Server VM Corretto-11.0.10.9.1 (11.0.10+9-LTS, mixed mode, tiered, compressed oops, g1 gc, windows-amd64)
Heap:
 garbage-first heap   total 157696K, used 73689K [0x0000000081200000, 0x0000000100000000)
  region size 1024K, 48 young (49152K), 9 survivors (9216K)
 Metaspace       used 77018K, capacity 79163K, committed 79236K, reserved 1118208K
  class space    used 9162K, capacity 9995K, committed 10060K, reserved 1048576K
GC Heap History (20 events):
Event: 6.459 GC heap before
{Heap before GC invocations=3 (full 0):
 garbage-first heap   total 131072K, used 33210K [0x0000000081200000, 0x0000000100000000)
  region size 1024K, 26 young (26624K), 2 survivors (2048K)
 Metaspace       used 20702K, capacity 21157K, committed 21296K, reserved 1069056K
  class space    used 2220K, capacity 2389K, committed 2432K, reserved 1048576K
}
Event: 6.468 GC heap after
{Heap after GC invocations=4 (full 0):
 garbage-first heap   total 131072K, used 10364K [0x0000000081200000, 0x0000000100000000)
  region size 1024K, 3 young (3072K), 3 survivors (3072K)
 Metaspace       used 20702K, capacity 21157K, committed 21296K, reserved 1069056K
  class space    used 2220K, capacity 2389K, committed 2432K, reserved 1048576K
}
Event: 8.890 GC heap before
{Heap before GC invocations=5 (full 0):
 garbage-first heap   total 131072K, used 57468K [0x0000000081200000, 0x0000000100000000)
  region size 1024K, 50 young (51200K), 3 survivors (3072K)
 Metaspace       used 24077K, capacity 24646K, committed 24880K, reserved 1071104K
  class space    used 2661K, capacity 2886K, committed 2944K, reserved 1048576K
}
Event: 8.903 GC heap after
{Heap after GC invocations=6 (full 0):
 garbage-first heap   total 131072K, used 11692K [0x0000000081200000, 0x0000000100000000)
  region size 1024K, 4 young (4096K), 4 survivors (4096K)
 Metaspace       used 24077K, capacity 24646K, committed 24880K, reserved 1071104K
  class space    used 2661K, capacity 2886K, committed 2944K, reserved 1048576K
}
Event: 16.573 GC heap before
{Heap before GC invocations=6 (full 0):
 garbage-first heap   total 131072K, used 84396K [0x0000000081200000, 0x0000000100000000)
  region size 1024K, 76 young (77824K), 4 survivors (4096K)
 Metaspace       used 30855K, capacity 31637K, committed 31920K, reserved 1077248K
  class space    used 3488K, capacity 3768K, committed 3840K, reserved 1048576K
}
Event: 16.597 GC heap after
{Heap after GC invocations=7 (full 0):
 garbage-first heap   total 131072K, used 14681K [0x0000000081200000, 0x0000000100000000)
  region size 1024K, 7 young (7168K), 7 survivors (7168K)
 Metaspace       used 30855K, capacity 31637K, committed 31920K, reserved 1077248K
  class space    used 3488K, capacity 3768K, committed 3840K, reserved 1048576K
}
Event: 25.026 GC heap before
{Heap before GC invocations=7 (full 0):
 garbage-first heap   total 131072K, used 78169K [0x0000000081200000, 0x0000000100000000)
  region size 1024K, 71 young (72704K), 7 survivors (7168K)
 Metaspace       used 34972K, capacity 35839K, committed 35920K, reserved 1081344K
  class space    used 3989K, capacity 4335K, committed 4352K, reserved 1048576K
}
Event: 25.068 GC heap after
{Heap after GC invocations=8 (full 0):
 garbage-first heap   total 131072K, used 16594K [0x0000000081200000, 0x0000000100000000)
  region size 1024K, 7 young (7168K), 7 survivors (7168K)
 Metaspace       used 34972K, capacity 35839K, committed 35920K, reserved 1081344K
  class space    used 3989K, capacity 4335K, committed 4352K, reserved 1048576K
}
Event: 30.056 GC heap before
{Heap before GC invocations=9 (full 0):
 garbage-first heap   total 131072K, used 87250K [0x0000000081200000, 0x0000000100000000)
  region size 1024K, 76 young (77824K), 7 survivors (7168K)
 Metaspace       used 46526K, capacity 47584K, committed 47900K, reserved 1091584K
  class space    used 5300K, capacity 5725K, committed 5836K, reserved 1048576K
}
Event: 30.083 GC heap after
{Heap after GC invocations=10 (full 0):
 garbage-first heap   total 157696K, used 20366K [0x0000000081200000, 0x0000000100000000)
  region size 1024K, 9 young (9216K), 9 survivors (9216K)
 Metaspace       used 46526K, capacity 47584K, committed 47900K, reserved 1091584K
  class space    used 5300K, capacity 5725K, committed 5836K, reserved 1048576K
}
Event: 34.332 GC heap before
{Heap before GC invocations=10 (full 0):
 garbage-first heap   total 157696K, used 105358K [0x0000000081200000, 0x0000000100000000)
  region size 1024K, 92 young (94208K), 9 survivors (9216K)
 Metaspace       used 54446K, capacity 55744K, committed 56092K, reserved 1097728K
  class space    used 6484K, capacity 6995K, committed 7116K, reserved 1048576K
}
Event: 34.354 GC heap after
{Heap after GC invocations=11 (full 0):
 garbage-first heap   total 157696K, used 23625K [0x0000000081200000, 0x0000000100000000)
  region size 1024K, 9 young (9216K), 9 survivors (9216K)
 Metaspace       used 54446K, capacity 55744K, committed 56092K, reserved 1097728K
  class space    used 6484K, capacity 6995K, committed 7116K, reserved 1048576K
}
Event: 37.215 GC heap before
{Heap before GC invocations=11 (full 0):
 garbage-first heap   total 157696K, used 74825K [0x0000000081200000, 0x0000000100000000)
  region size 1024K, 60 young (61440K), 9 survivors (9216K)
 Metaspace       used 58982K, capacity 60263K, committed 60420K, reserved 1101824K
  class space    used 7033K, capacity 7542K, committed 7628K, reserved 1048576K
}
Event: 37.256 GC heap after
{Heap after GC invocations=12 (full 0):
 garbage-first heap   total 157696K, used 26823K [0x0000000081200000, 0x0000000100000000)
  region size 1024K, 7 young (7168K), 7 survivors (7168K)
 Metaspace       used 58982K, capacity 60263K, committed 60420K, reserved 1101824K
  class space    used 7033K, capacity 7542K, committed 7628K, reserved 1048576K
}
Event: 40.258 GC heap before
{Heap before GC invocations=13 (full 0):
 garbage-first heap   total 157696K, used 110791K [0x0000000081200000, 0x0000000100000000)
  region size 1024K, 89 young (91136K), 7 survivors (7168K)
 Metaspace       used 61469K, capacity 62757K, committed 62852K, reserved 1103872K
  class space    used 7435K, capacity 7938K, committed 8012K, reserved 1048576K
}
Event: 40.280 GC heap after
{Heap after GC invocations=14 (full 0):
 garbage-first heap   total 157696K, used 28322K [0x0000000081200000, 0x0000000100000000)
  region size 1024K, 5 young (5120K), 5 survivors (5120K)
 Metaspace       used 61469K, capacity 62757K, committed 62852K, reserved 1103872K
  class space    used 7435K, capacity 7938K, committed 8012K, reserved 1048576K
}
Event: 42.812 GC heap before
{Heap before GC invocations=14 (full 0):
 garbage-first heap   total 157696K, used 114338K [0x0000000081200000, 0x0000000100000000)
  region size 1024K, 89 young (91136K), 5 survivors (5120K)
 Metaspace       used 66165K, capacity 67702K, committed 67972K, reserved 1107968K
  class space    used 8056K, capacity 8670K, committed 8780K, reserved 1048576K
}
Event: 42.826 GC heap after
{Heap after GC invocations=15 (full 0):
 garbage-first heap   total 157696K, used 30660K [0x0000000081200000, 0x0000000100000000)
  region size 1024K, 7 young (7168K), 7 survivors (7168K)
 Metaspace       used 66165K, capacity 67702K, committed 67972K, reserved 1107968K
  class space    used 8056K, capacity 8670K, committed 8780K, reserved 1048576K
}
Event: 67.507 GC heap before
{Heap before GC invocations=15 (full 0):
 garbage-first heap   total 157696K, used 117700K [0x0000000081200000, 0x0000000100000000)
  region size 1024K, 92 young (94208K), 7 survivors (7168K)
 Metaspace       used 73340K, capacity 75004K, committed 75140K, reserved 1116160K
  class space    used 8808K, capacity 9446K, committed 9548K, reserved 1048576K
}
Event: 67.533 GC heap after
{Heap after GC invocations=16 (full 0):
 garbage-first heap   total 157696K, used 35801K [0x0000000081200000, 0x0000000100000000)
  region size 1024K, 9 young (9216K), 9 survivors (9216K)
 Metaspace       used 73340K, capacity 75004K, committed 75140K, reserved 1116160K
  class space    used 8808K, capacity 9446K, committed 9548K, reserved 1048576K
}

