# JRE version: Java(TM) SE Runtime Environment (15.0.1+9) (build 15.0.1+9-18)
# Java VM: Java HotSpot(TM) 64-Bit Server VM (15.0.1+9-18, mixed mode, sharing, tiered, compressed oops, g1 gc, windows-amd64)
GC Precious Log:
 CPUs: 4 total, 4 available
 Memory: 8112M
 Large Page Support: Disabled
 NUMA Support: Disabled
 Compressed Oops: Enabled (32-bit)
 Heap Region Size: 1M
 Heap Min Capacity: 8M
 Heap Initial Capacity: 128M
 Heap Max Capacity: 2030M
 Pre-touch: Disabled
 Parallel Workers: 4
 Concurrent Workers: 1
 Concurrent Refinement Workers: 4
 Periodic GC: Disabled
Heap:
 garbage-first heap   total 131072K, used 87537K [0x0000000081200000, 0x0000000100000000)
  region size 1024K, 76 young (77824K), 5 survivors (5120K)
 Metaspace       used 20235K, capacity 20818K, committed 20992K, reserved 1069056K
  class space    used 2077K, capacity 2292K, committed 2304K, reserved 1048576K
GC Heap History (12 events):
Event: 2.377 GC heap before
{Heap before GC invocations=0 (full 0):
 garbage-first heap   total 131072K, used 12288K [0x0000000081200000, 0x0000000100000000)
  region size 1024K, 13 young (13312K), 0 survivors (0K)
 Metaspace       used 3928K, capacity 6963K, committed 7168K, reserved 1056768K
  class space    used 418K, capacity 725K, committed 768K, reserved 1048576K
}
Event: 2.396 GC heap after
{Heap after GC invocations=1 (full 0):
 garbage-first heap   total 131072K, used 3080K [0x0000000081200000, 0x0000000100000000)
  region size 1024K, 2 young (2048K), 2 survivors (2048K)
 Metaspace       used 3928K, capacity 6963K, committed 7168K, reserved 1056768K
  class space    used 418K, capacity 725K, committed 768K, reserved 1048576K
}
Event: 3.727 GC heap before
{Heap before GC invocations=1 (full 0):
 garbage-first heap   total 131072K, used 15368K [0x0000000081200000, 0x0000000100000000)
  region size 1024K, 14 young (14336K), 2 survivors (2048K)
 Metaspace       used 5632K, capacity 8150K, committed 8320K, reserved 1056768K
  class space    used 645K, capacity 886K, committed 896K, reserved 1048576K
}
Event: 3.737 GC heap after
{Heap after GC invocations=2 (full 0):
 garbage-first heap   total 131072K, used 3756K [0x0000000081200000, 0x0000000100000000)
  region size 1024K, 1 young (1024K), 1 survivors (1024K)
 Metaspace       used 5632K, capacity 8150K, committed 8320K, reserved 1056768K
  class space    used 645K, capacity 886K, committed 896K, reserved 1048576K
}
Event: 5.813 GC heap before
{Heap before GC invocations=2 (full 0):
 garbage-first heap   total 131072K, used 28332K [0x0000000081200000, 0x0000000100000000)
  region size 1024K, 26 young (26624K), 1 survivors (1024K)
 Metaspace       used 10068K, capacity 12238K, committed 12544K, reserved 1060864K
  class space    used 1215K, capacity 1476K, committed 1536K, reserved 1048576K
}
Event: 5.821 GC heap after
{Heap after GC invocations=3 (full 0):
 garbage-first heap   total 131072K, used 5255K [0x0000000081200000, 0x0000000100000000)
  region size 1024K, 3 young (3072K), 3 survivors (3072K)
 Metaspace       used 10068K, capacity 12238K, committed 12544K, reserved 1060864K
  class space    used 1215K, capacity 1476K, committed 1536K, reserved 1048576K
}
Event: 63.662 GC heap before
{Heap before GC invocations=3 (full 0):
 garbage-first heap   total 131072K, used 80007K [0x0000000081200000, 0x0000000100000000)
  region size 1024K, 76 young (77824K), 3 survivors (3072K)
 Metaspace       used 13688K, capacity 15042K, committed 15360K, reserved 1062912K
  class space    used 1486K, capacity 1696K, committed 1792K, reserved 1048576K
}
Event: 63.692 GC heap after
{Heap after GC invocations=4 (full 0):
 garbage-first heap   total 131072K, used 12091K [0x0000000081200000, 0x0000000100000000)
  region size 1024K, 9 young (9216K), 9 survivors (9216K)
 Metaspace       used 13688K, capacity 15042K, committed 15360K, reserved 1062912K
  class space    used 1486K, capacity 1696K, committed 1792K, reserved 1048576K
}
Event: 303.183 GC heap before
{Heap before GC invocations=4 (full 0):
 garbage-first heap   total 131072K, used 80699K [0x0000000081200000, 0x0000000100000000)
  region size 1024K, 76 young (77824K), 9 survivors (9216K)
 Metaspace       used 15005K, capacity 16222K, committed 16512K, reserved 1064960K
  class space    used 1580K, capacity 1810K, committed 1920K, reserved 1048576K
}
Event: 303.212 GC heap after
{Heap after GC invocations=5 (full 0):
 garbage-first heap   total 131072K, used 15023K [0x0000000081200000, 0x0000000100000000)
  region size 1024K, 4 young (4096K), 4 survivors (4096K)
 Metaspace       used 15005K, capacity 16222K, committed 16512K, reserved 1064960K
  class space    used 1580K, capacity 1810K, committed 1920K, reserved 1048576K
}
Event: 636.535 GC heap before
{Heap before GC invocations=5 (full 0):
 garbage-first heap   total 131072K, used 88751K [0x0000000081200000, 0x0000000100000000)
  region size 1024K, 76 young (77824K), 4 survivors (4096K)
 Metaspace       used 15559K, capacity 16734K, committed 17024K, reserved 1064960K
  class space    used 1628K, capacity 1874K, committed 1920K, reserved 1048576K
}
Event: 636.544 GC heap after
{Heap after GC invocations=6 (full 0):
 garbage-first heap   total 131072K, used 15857K [0x0000000081200000, 0x0000000100000000)
  region size 1024K, 5 young (5120K), 5 survivors (5120K)
 Metaspace       used 15559K, capacity 16734K, committed 17024K, reserved 1064960K
  class space    used 1628K, capacity 1874K, committed 1920K, reserved 1048576K
}

