# JRE version: OpenJDK Runtime Environment Corretto-11.0.10.9.1 (11.0.10+9) (build 11.0.10+9-LTS)
# Java VM: OpenJDK 64-Bit Server VM Corretto-11.0.10.9.1 (11.0.10+9-LTS, mixed mode, tiered, compressed oops, g1 gc, windows-amd64)
Heap:
 garbage-first heap   total 157696K, used 42242K [0x0000000081200000, 0x0000000100000000)
  region size 1024K, 20 young (20480K), 11 survivors (11264K)
 Metaspace       used 69613K, capacity 71160K, committed 71432K, reserved 1112064K
  class space    used 8307K, capacity 8905K, committed 8960K, reserved 1048576K
GC Heap History (20 events):
Event: 7.154 GC heap before
{Heap before GC invocations=3 (full 0):
 garbage-first heap   total 131072K, used 38134K [0x0000000081200000, 0x0000000100000000)
  region size 1024K, 32 young (32768K), 2 survivors (2048K)
 Metaspace       used 20701K, capacity 21159K, committed 21296K, reserved 1069056K
  class space    used 2213K, capacity 2388K, committed 2432K, reserved 1048576K
}
Event: 7.164 GC heap after
{Heap after GC invocations=4 (full 0):
 garbage-first heap   total 131072K, used 10114K [0x0000000081200000, 0x0000000100000000)
  region size 1024K, 3 young (3072K), 3 survivors (3072K)
 Metaspace       used 20701K, capacity 21159K, committed 21296K, reserved 1069056K
  class space    used 2213K, capacity 2388K, committed 2432K, reserved 1048576K
}
Event: 9.790 GC heap before
{Heap before GC invocations=5 (full 0):
 garbage-first heap   total 131072K, used 56194K [0x0000000081200000, 0x0000000100000000)
  region size 1024K, 49 young (50176K), 3 survivors (3072K)
 Metaspace       used 23951K, capacity 24482K, committed 24624K, reserved 1071104K
  class space    used 2636K, capacity 2849K, committed 2944K, reserved 1048576K
}
Event: 9.800 GC heap after
{Heap after GC invocations=6 (full 0):
 garbage-first heap   total 131072K, used 11482K [0x0000000081200000, 0x0000000100000000)
  region size 1024K, 4 young (4096K), 4 survivors (4096K)
 Metaspace       used 23951K, capacity 24482K, committed 24624K, reserved 1071104K
  class space    used 2636K, capacity 2849K, committed 2944K, reserved 1048576K
}
Event: 14.100 GC heap before
{Heap before GC invocations=6 (full 0):
 garbage-first heap   total 131072K, used 79066K [0x0000000081200000, 0x0000000100000000)
  region size 1024K, 71 young (72704K), 4 survivors (4096K)
 Metaspace       used 29269K, capacity 29995K, committed 30128K, reserved 1075200K
  class space    used 3255K, capacity 3523K, committed 3584K, reserved 1048576K
}
Event: 14.118 GC heap after
{Heap after GC invocations=7 (full 0):
 garbage-first heap   total 131072K, used 13667K [0x0000000081200000, 0x0000000100000000)
  region size 1024K, 6 young (6144K), 6 survivors (6144K)
 Metaspace       used 29269K, capacity 29995K, committed 30128K, reserved 1075200K
  class space    used 3255K, capacity 3523K, committed 3584K, reserved 1048576K
}
Event: 18.709 GC heap before
{Heap before GC invocations=7 (full 0):
 garbage-first heap   total 131072K, used 49507K [0x0000000081200000, 0x0000000100000000)
  region size 1024K, 42 young (43008K), 6 survivors (6144K)
 Metaspace       used 34958K, capacity 35841K, committed 35920K, reserved 1081344K
  class space    used 3966K, capacity 4332K, committed 4352K, reserved 1048576K
}
Event: 18.760 GC heap after
{Heap after GC invocations=8 (full 0):
 garbage-first heap   total 131072K, used 16055K [0x0000000081200000, 0x0000000100000000)
  region size 1024K, 8 young (8192K), 8 survivors (8192K)
 Metaspace       used 34958K, capacity 35841K, committed 35920K, reserved 1081344K
  class space    used 3966K, capacity 4332K, committed 4352K, reserved 1048576K
}
Event: 22.437 GC heap before
{Heap before GC invocations=9 (full 0):
 garbage-first heap   total 131072K, used 84663K [0x0000000081200000, 0x0000000100000000)
  region size 1024K, 76 young (77824K), 8 survivors (8192K)
 Metaspace       used 38647K, capacity 39658K, committed 39888K, reserved 1085440K
  class space    used 4341K, capacity 4727K, committed 4736K, reserved 1048576K
}
Event: 22.461 GC heap after
{Heap after GC invocations=10 (full 0):
 garbage-first heap   total 131072K, used 18411K [0x0000000081200000, 0x0000000100000000)
  region size 1024K, 8 young (8192K), 8 survivors (8192K)
 Metaspace       used 38647K, capacity 39658K, committed 39888K, reserved 1085440K
  class space    used 4341K, capacity 4727K, committed 4736K, reserved 1048576K
}
Event: 26.299 GC heap before
{Heap before GC invocations=10 (full 0):
 garbage-first heap   total 131072K, used 88043K [0x0000000081200000, 0x0000000100000000)
  region size 1024K, 76 young (77824K), 8 survivors (8192K)
 Metaspace       used 48097K, capacity 49172K, committed 49232K, reserved 1093632K
  class space    used 5445K, capacity 5860K, committed 5888K, reserved 1048576K
}
Event: 26.320 GC heap after
{Heap after GC invocations=11 (full 0):
 garbage-first heap   total 131072K, used 21350K [0x0000000081200000, 0x0000000100000000)
  region size 1024K, 8 young (8192K), 8 survivors (8192K)
 Metaspace       used 48097K, capacity 49172K, committed 49232K, reserved 1093632K
  class space    used 5445K, capacity 5860K, committed 5888K, reserved 1048576K
}
Event: 31.124 GC heap before
{Heap before GC invocations=11 (full 0):
 garbage-first heap   total 131072K, used 90982K [0x0000000081200000, 0x0000000100000000)
  region size 1024K, 76 young (77824K), 8 survivors (8192K)
 Metaspace       used 54435K, capacity 55650K, committed 55888K, reserved 1097728K
  class space    used 6379K, capacity 6871K, committed 6912K, reserved 1048576K
}
Event: 31.150 GC heap after
{Heap after GC invocations=12 (full 0):
 garbage-first heap   total 131072K, used 24172K [0x0000000081200000, 0x0000000100000000)
  region size 1024K, 8 young (8192K), 8 survivors (8192K)
 Metaspace       used 54435K, capacity 55650K, committed 55888K, reserved 1097728K
  class space    used 6379K, capacity 6871K, committed 6912K, reserved 1048576K
}
Event: 34.439 GC heap before
{Heap before GC invocations=12 (full 0):
 garbage-first heap   total 131072K, used 78444K [0x0000000081200000, 0x0000000100000000)
  region size 1024K, 63 young (64512K), 8 survivors (8192K)
 Metaspace       used 58934K, capacity 60133K, committed 60296K, reserved 1101824K
  class space    used 6963K, capacity 7448K, committed 7552K, reserved 1048576K
}
Event: 34.477 GC heap after
{Heap after GC invocations=13 (full 0):
 garbage-first heap   total 131072K, used 27343K [0x0000000081200000, 0x0000000100000000)
  region size 1024K, 7 young (7168K), 7 survivors (7168K)
 Metaspace       used 58934K, capacity 60133K, committed 60296K, reserved 1101824K
  class space    used 6963K, capacity 7448K, committed 7552K, reserved 1048576K
}
Event: 36.545 GC heap before
{Heap before GC invocations=14 (full 0):
 garbage-first heap   total 131072K, used 97999K [0x0000000081200000, 0x0000000100000000)
  region size 1024K, 76 young (77824K), 7 survivors (7168K)
 Metaspace       used 62293K, capacity 63599K, committed 63880K, reserved 1105920K
  class space    used 7462K, capacity 7976K, committed 8064K, reserved 1048576K
}
Event: 36.568 GC heap after
{Heap after GC invocations=15 (full 0):
 garbage-first heap   total 157696K, used 28279K [0x0000000081200000, 0x0000000100000000)
  region size 1024K, 5 young (5120K), 5 survivors (5120K)
 Metaspace       used 62293K, capacity 63599K, committed 63880K, reserved 1105920K
  class space    used 7462K, capacity 7976K, committed 8064K, reserved 1048576K
}
Event: 38.047 GC heap before
{Heap before GC invocations=15 (full 0):
 garbage-first heap   total 157696K, used 117367K [0x0000000081200000, 0x0000000100000000)
  region size 1024K, 92 young (94208K), 5 survivors (5120K)
 Metaspace       used 62640K, capacity 63952K, committed 64136K, reserved 1105920K
  class space    used 7477K, capacity 8008K, committed 8064K, reserved 1048576K
}
Event: 38.061 GC heap after
{Heap after GC invocations=16 (full 0):
 garbage-first heap   total 157696K, used 29383K [0x0000000081200000, 0x0000000100000000)
  region size 1024K, 6 young (6144K), 6 survivors (6144K)
 Metaspace       used 62640K, capacity 63952K, committed 64136K, reserved 1105920K
  class space    used 7477K, capacity 8008K, committed 8064K, reserved 1048576K
}

