# JRE version: OpenJDK Runtime Environment Corretto-11.0.10.9.1 (11.0.10+9) (build 11.0.10+9-LTS)
# Java VM: OpenJDK 64-Bit Server VM Corretto-11.0.10.9.1 (11.0.10+9-LTS, mixed mode, tiered, compressed oops, g1 gc, windows-amd64)
Heap:
 garbage-first heap   total 157696K, used 127496K [0x0000000081200000, 0x0000000100000000)
  region size 1024K, 91 young (93184K), 4 survivors (4096K)
 Metaspace       used 75929K, capacity 77764K, committed 77864K, reserved 1118208K
  class space    used 8947K, capacity 9645K, committed 9676K, reserved 1048576K
GC Heap History (20 events):
Event: 37.350 GC heap after
{Heap after GC invocations=8 (full 0):
 garbage-first heap   total 131072K, used 16688K [0x0000000081200000, 0x0000000100000000)
  region size 1024K, 8 young (8192K), 8 survivors (8192K)
 Metaspace       used 35013K, capacity 35932K, committed 36048K, reserved 1081344K
  class space    used 3991K, capacity 4367K, committed 4428K, reserved 1048576K
}
Event: 41.603 GC heap before
{Heap before GC invocations=9 (full 0):
 garbage-first heap   total 131072K, used 86320K [0x0000000081200000, 0x0000000100000000)
  region size 1024K, 76 young (77824K), 8 survivors (8192K)
 Metaspace       used 46924K, capacity 48013K, committed 48336K, reserved 1091584K
  class space    used 5377K, capacity 5825K, committed 5964K, reserved 1048576K
}
Event: 41.627 GC heap after
{Heap after GC invocations=10 (full 0):
 garbage-first heap   total 131072K, used 20843K [0x0000000081200000, 0x0000000100000000)
  region size 1024K, 7 young (7168K), 7 survivors (7168K)
 Metaspace       used 46924K, capacity 48013K, committed 48336K, reserved 1091584K
  class space    used 5377K, capacity 5825K, committed 5964K, reserved 1048576K
}
Event: 43.947 GC heap before
{Heap before GC invocations=10 (full 0):
 garbage-first heap   total 131072K, used 91499K [0x0000000081200000, 0x0000000100000000)
  region size 1024K, 76 young (77824K), 7 survivors (7168K)
 Metaspace       used 53108K, capacity 54313K, committed 54608K, reserved 1097728K
  class space    used 6297K, capacity 6774K, committed 6860K, reserved 1048576K
}
Event: 43.968 GC heap after
{Heap after GC invocations=11 (full 0):
 garbage-first heap   total 131072K, used 23350K [0x0000000081200000, 0x0000000100000000)
  region size 1024K, 7 young (7168K), 7 survivors (7168K)
 Metaspace       used 53108K, capacity 54313K, committed 54608K, reserved 1097728K
  class space    used 6297K, capacity 6774K, committed 6860K, reserved 1048576K
}
Event: 45.769 GC heap before
{Heap before GC invocations=11 (full 0):
 garbage-first heap   total 131072K, used 82742K [0x0000000081200000, 0x0000000100000000)
  region size 1024K, 67 young (68608K), 7 survivors (7168K)
 Metaspace       used 59193K, capacity 60444K, committed 60496K, reserved 1101824K
  class space    used 7116K, capacity 7602K, committed 7628K, reserved 1048576K
}
Event: 45.816 GC heap after
{Heap after GC invocations=12 (full 0):
 garbage-first heap   total 131072K, used 26960K [0x0000000081200000, 0x0000000100000000)
  region size 1024K, 7 young (7168K), 7 survivors (7168K)
 Metaspace       used 59193K, capacity 60444K, committed 60496K, reserved 1101824K
  class space    used 7116K, capacity 7602K, committed 7628K, reserved 1048576K
}
Event: 47.707 GC heap before
{Heap before GC invocations=13 (full 0):
 garbage-first heap   total 131072K, used 97616K [0x0000000081200000, 0x0000000100000000)
  region size 1024K, 76 young (77824K), 7 survivors (7168K)
 Metaspace       used 61284K, capacity 62554K, committed 62632K, reserved 1103872K
  class space    used 7426K, capacity 7934K, committed 8012K, reserved 1048576K
}
Event: 47.747 GC heap after
{Heap after GC invocations=14 (full 0):
 garbage-first heap   total 131072K, used 27901K [0x0000000081200000, 0x0000000100000000)
  region size 1024K, 5 young (5120K), 5 survivors (5120K)
 Metaspace       used 61284K, capacity 62554K, committed 62632K, reserved 1103872K
  class space    used 7426K, capacity 7934K, committed 8012K, reserved 1048576K
}
Event: 48.566 GC heap before
{Heap before GC invocations=15 (full 0):
 garbage-first heap   total 131072K, used 100605K [0x0000000081200000, 0x0000000100000000)
  region size 1024K, 76 young (77824K), 5 survivors (5120K)
 Metaspace       used 63197K, capacity 64492K, committed 64680K, reserved 1105920K
  class space    used 7681K, capacity 8177K, committed 8268K, reserved 1048576K
}
Event: 48.582 GC heap after
{Heap after GC invocations=16 (full 0):
 garbage-first heap   total 157696K, used 29274K [0x0000000081200000, 0x0000000100000000)
  region size 1024K, 6 young (6144K), 6 survivors (6144K)
 Metaspace       used 63197K, capacity 64492K, committed 64680K, reserved 1105920K
  class space    used 7681K, capacity 8177K, committed 8268K, reserved 1048576K
}
Event: 688.776 GC heap before
{Heap before GC invocations=16 (full 0):
 garbage-first heap   total 157696K, used 117338K [0x0000000081200000, 0x0000000100000000)
  region size 1024K, 92 young (94208K), 6 survivors (6144K)
 Metaspace       used 71958K, capacity 73551K, committed 73768K, reserved 1114112K
  class space    used 8675K, capacity 9292K, committed 9420K, reserved 1048576K
}
Event: 688.800 GC heap after
{Heap after GC invocations=17 (full 0):
 garbage-first heap   total 157696K, used 33698K [0x0000000081200000, 0x0000000100000000)
  region size 1024K, 11 young (11264K), 11 survivors (11264K)
 Metaspace       used 71958K, capacity 73551K, committed 73768K, reserved 1114112K
  class space    used 8675K, capacity 9292K, committed 9420K, reserved 1048576K
}
Event: 5400.953 GC heap before
{Heap before GC invocations=17 (full 0):
 garbage-first heap   total 157696K, used 115618K [0x0000000081200000, 0x0000000100000000)
  region size 1024K, 92 young (94208K), 11 survivors (11264K)
 Metaspace       used 74628K, capacity 76302K, committed 76456K, reserved 1116160K
  class space    used 8870K, capacity 9512K, committed 9548K, reserved 1048576K
}
Event: 5400.988 GC heap after
{Heap after GC invocations=18 (full 0):
 garbage-first heap   total 157696K, used 37526K [0x0000000081200000, 0x0000000100000000)
  region size 1024K, 10 young (10240K), 10 survivors (10240K)
 Metaspace       used 74628K, capacity 76302K, committed 76456K, reserved 1116160K
  class space    used 8870K, capacity 9512K, committed 9548K, reserved 1048576K
}
Event: 10761.984 GC heap before
{Heap before GC invocations=18 (full 0):
 garbage-first heap   total 157696K, used 121494K [0x0000000081200000, 0x0000000100000000)
  region size 1024K, 92 young (94208K), 10 survivors (10240K)
 Metaspace       used 75614K, capacity 77434K, committed 77608K, reserved 1118208K
  class space    used 8944K, capacity 9643K, committed 9676K, reserved 1048576K
}
Event: 10762.014 GC heap after
{Heap after GC invocations=19 (full 0):
 garbage-first heap   total 157696K, used 38524K [0x0000000081200000, 0x0000000100000000)
  region size 1024K, 5 young (5120K), 5 survivors (5120K)
 Metaspace       used 75614K, capacity 77434K, committed 77608K, reserved 1118208K
  class space    used 8944K, capacity 9643K, committed 9676K, reserved 1048576K
}
Event: 33700.163 GC heap before
{Heap before GC invocations=19 (full 0):
 garbage-first heap   total 157696K, used 127612K [0x0000000081200000, 0x0000000100000000)
  region size 1024K, 92 young (94208K), 5 survivors (5120K)
 Metaspace       used 75753K, capacity 77562K, committed 77608K, reserved 1118208K
  class space    used 8944K, capacity 9643K, committed 9676K, reserved 1048576K
}
Event: 33700.272 GC heap after
{Heap after GC invocations=20 (full 0):
 garbage-first heap   total 157696K, used 38408K [0x0000000081200000, 0x0000000100000000)
  region size 1024K, 5 young (5120K), 5 survivors (5120K)
 Metaspace       used 75753K, capacity 77562K, committed 77608K, reserved 1118208K
  class space    used 8944K, capacity 9643K, committed 9676K, reserved 1048576K
}
Event: 76417.719 GC heap before
{Heap before GC invocations=20 (full 0):
 garbage-first heap   total 157696K, used 127496K [0x0000000081200000, 0x0000000100000000)
  region size 1024K, 92 young (94208K), 5 survivors (5120K)
 Metaspace       used 75929K, capacity 77764K, committed 77864K, reserved 1118208K
  class space    used 8947K, capacity 9645K, committed 9676K, reserved 1048576K
}

