# JRE version: OpenJDK Runtime Environment Corretto-11.0.10.9.1 (11.0.10+9) (build 11.0.10+9-LTS)
# Java VM: OpenJDK 64-Bit Server VM Corretto-11.0.10.9.1 (11.0.10+9-LTS, mixed mode, tiered, compressed oops, g1 gc, windows-amd64)
Heap:
 garbage-first heap   total 157696K, used 99093K [0x0000000081200000, 0x0000000100000000)
  region size 1024K, 86 young (88064K), 7 survivors (7168K)
 Metaspace       used 49198K, capacity 50281K, committed 50512K, reserved 1093632K
  class space    used 5688K, capacity 6124K, committed 6144K, reserved 1048576K
GC Heap History (17 events):
Event: 4.810 GC heap before
{Heap before GC invocations=0 (full 0):
 garbage-first heap   total 131072K, used 14336K [0x0000000081200000, 0x0000000100000000)
  region size 1024K, 14 young (14336K), 0 survivors (0K)
 Metaspace       used 9564K, capacity 9755K, committed 9984K, reserved 1058816K
  class space    used 853K, capacity 906K, committed 1024K, reserved 1048576K
}
Event: 4.849 GC heap after
{Heap after GC invocations=1 (full 0):
 garbage-first heap   total 131072K, used 8090K [0x0000000081200000, 0x0000000100000000)
  region size 1024K, 2 young (2048K), 2 survivors (2048K)
 Metaspace       used 9564K, capacity 9755K, committed 9984K, reserved 1058816K
  class space    used 853K, capacity 906K, committed 1024K, reserved 1048576K
}
Event: 5.171 GC heap before
{Heap before GC invocations=1 (full 0):
 garbage-first heap   total 131072K, used 13210K [0x0000000081200000, 0x0000000100000000)
  region size 1024K, 7 young (7168K), 2 survivors (2048K)
 Metaspace       used 10838K, capacity 10992K, committed 11136K, reserved 1058816K
  class space    used 1013K, capacity 1087K, committed 1152K, reserved 1048576K
}
Event: 5.177 GC heap after
{Heap after GC invocations=2 (full 0):
 garbage-first heap   total 131072K, used 8551K [0x0000000081200000, 0x0000000100000000)
  region size 1024K, 1 young (1024K), 1 survivors (1024K)
 Metaspace       used 10838K, capacity 10992K, committed 11136K, reserved 1058816K
  class space    used 1013K, capacity 1087K, committed 1152K, reserved 1048576K
}
Event: 6.471 GC heap before
{Heap before GC invocations=2 (full 0):
 garbage-first heap   total 131072K, used 29031K [0x0000000081200000, 0x0000000100000000)
  region size 1024K, 21 young (21504K), 1 survivors (1024K)
 Metaspace       used 16505K, capacity 16824K, committed 16896K, reserved 1064960K
  class space    used 1650K, capacity 1792K, committed 1792K, reserved 1048576K
}
Event: 6.520 GC heap after
{Heap after GC invocations=3 (full 0):
 garbage-first heap   total 131072K, used 9658K [0x0000000081200000, 0x0000000100000000)
  region size 1024K, 2 young (2048K), 2 survivors (2048K)
 Metaspace       used 16505K, capacity 16824K, committed 16896K, reserved 1064960K
  class space    used 1650K, capacity 1792K, committed 1792K, reserved 1048576K
}
Event: 7.525 GC heap before
{Heap before GC invocations=3 (full 0):
 garbage-first heap   total 131072K, used 35258K [0x0000000081200000, 0x0000000100000000)
  region size 1024K, 28 young (28672K), 2 survivors (2048K)
 Metaspace       used 20727K, capacity 21160K, committed 21296K, reserved 1069056K
  class space    used 2220K, capacity 2390K, committed 2432K, reserved 1048576K
}
Event: 7.532 GC heap after
{Heap after GC invocations=4 (full 0):
 garbage-first heap   total 131072K, used 10352K [0x0000000081200000, 0x0000000100000000)
  region size 1024K, 3 young (3072K), 3 survivors (3072K)
 Metaspace       used 20727K, capacity 21160K, committed 21296K, reserved 1069056K
  class space    used 2220K, capacity 2390K, committed 2432K, reserved 1048576K
}
Event: 9.837 GC heap before
{Heap before GC invocations=5 (full 0):
 garbage-first heap   total 131072K, used 61552K [0x0000000081200000, 0x0000000100000000)
  region size 1024K, 54 young (55296K), 3 survivors (3072K)
 Metaspace       used 23991K, capacity 24585K, committed 24880K, reserved 1071104K
  class space    used 2659K, capacity 2887K, committed 2944K, reserved 1048576K
}
Event: 9.845 GC heap after
{Heap after GC invocations=6 (full 0):
 garbage-first heap   total 131072K, used 11618K [0x0000000081200000, 0x0000000100000000)
  region size 1024K, 4 young (4096K), 4 survivors (4096K)
 Metaspace       used 23991K, capacity 24585K, committed 24880K, reserved 1071104K
  class space    used 2659K, capacity 2887K, committed 2944K, reserved 1048576K
}
Event: 13.541 GC heap before
{Heap before GC invocations=6 (full 0):
 garbage-first heap   total 131072K, used 84322K [0x0000000081200000, 0x0000000100000000)
  region size 1024K, 76 young (77824K), 4 survivors (4096K)
 Metaspace       used 31279K, capacity 32032K, committed 32304K, reserved 1077248K
  class space    used 3563K, capacity 3880K, committed 3968K, reserved 1048576K
}
Event: 13.562 GC heap after
{Heap after GC invocations=7 (full 0):
 garbage-first heap   total 131072K, used 14918K [0x0000000081200000, 0x0000000100000000)
  region size 1024K, 7 young (7168K), 7 survivors (7168K)
 Metaspace       used 31279K, capacity 32032K, committed 32304K, reserved 1077248K
  class space    used 3563K, capacity 3880K, committed 3968K, reserved 1048576K
}
Event: 15.662 GC heap before
{Heap before GC invocations=7 (full 0):
 garbage-first heap   total 131072K, used 30278K [0x0000000081200000, 0x0000000100000000)
  region size 1024K, 23 young (23552K), 7 survivors (7168K)
 Metaspace       used 34841K, capacity 35776K, committed 35920K, reserved 1081344K
  class space    used 3987K, capacity 4336K, committed 4352K, reserved 1048576K
}
Event: 15.698 GC heap after
{Heap after GC invocations=8 (full 0):
 garbage-first heap   total 131072K, used 16226K [0x0000000081200000, 0x0000000100000000)
  region size 1024K, 6 young (6144K), 6 survivors (6144K)
 Metaspace       used 34841K, capacity 35776K, committed 35920K, reserved 1081344K
  class space    used 3987K, capacity 4336K, committed 4352K, reserved 1048576K
}
Event: 19.205 GC heap before
{Heap before GC invocations=9 (full 0):
 garbage-first heap   total 131072K, used 83810K [0x0000000081200000, 0x0000000100000000)
  region size 1024K, 73 young (74752K), 6 survivors (6144K)
 Metaspace       used 38697K, capacity 39742K, committed 40016K, reserved 1085440K
  class space    used 4407K, capacity 4824K, committed 4864K, reserved 1048576K
}
Event: 19.221 GC heap after
{Heap after GC invocations=10 (full 0):
 garbage-first heap   total 157696K, used 18197K [0x0000000081200000, 0x0000000100000000)
  region size 1024K, 7 young (7168K), 7 survivors (7168K)
 Metaspace       used 38697K, capacity 39742K, committed 40016K, reserved 1085440K
  class space    used 4407K, capacity 4824K, committed 4864K, reserved 1048576K
}
Event: 25.152 GC heap before
{Heap before GC invocations=10 (full 0):
 garbage-first heap   total 157696K, used 98069K [0x0000000081200000, 0x0000000100000000)
  region size 1024K, 86 young (88064K), 7 survivors (7168K)
 Metaspace       used 49198K, capacity 50281K, committed 50512K, reserved 1093632K
  class space    used 5688K, capacity 6124K, committed 6144K, reserved 1048576K
}

